{
  "RSpec": {
    "coverage": {
      "/Users/ajaypendyala/RubymineProjects/chess/spec/chess_spec.rb": [
        1,
        1,
        null,
        null,
        null,
        null,
        null,
        1,
        15,
        null,
        1,
        1,
        1,
        null,
        null,
        1,
        1,
        1,
        null,
        null,
        1,
        1,
        1,
        null,
        null,
        1,
        1,
        1,
        null,
        null,
        1,
        1,
        1,
        null,
        null,
        1,
        1,
        1,
        null,
        null,
        1,
        1,
        1,
        null,
        null,
        1,
        1,
        1,
        null,
        null,
        1,
        1,
        1,
        null,
        null,
        1,
        1,
        1,
        null,
        null,
        1,
        1,
        1,
        null,
        null,
        1,
        1,
        1,
        null,
        null,
        1,
        1,
        1,
        1,
        null,
        null,
        1,
        1,
        1,
        1,
        null,
        null
      ],
      "/Users/ajaypendyala/RubymineProjects/chess/chess.rb": [
        1,
        null,
        null,
        null,
        null,
        1,
        12,
        12,
        12,
        12,
        null,
        null,
        null,
        12,
        3,
        3,
        null,
        null,
        9,
        null,
        3,
        null,
        2,
        2,
        null,
        2,
        null,
        2,
        null,
        9,
        null,
        null,
        null,
        null,
        null,
        null,
        1,
        5,
        5,
        5,
        5,
        null,
        5,
        35,
        null,
        35,
        null,
        35,
        null,
        35,
        null,
        5,
        null,
        null,
        null,
        null,
        null,
        null,
        1,
        4,
        4,
        4,
        4,
        null,
        4,
        28,
        null,
        28,
        null,
        28,
        null,
        28,
        null,
        4,
        null,
        null,
        null,
        null,
        null,
        null,
        1,
        2,
        2,
        null,
        2,
        16,
        null,
        2,
        null,
        null,
        null,
        null,
        null,
        1,
        270,
        null,
        null
      ]
    },
    "timestamp": 1537898772
  }
}
